<?xml version="1.0" encoding="UTF-8"?>
<!-- Generated by org.testng.reporters.JUnitXMLReporter -->
<testsuite hostname="PC1" ignored="3" name="Default test" tests="1" failures="0" timestamp="2020-06-01T10:50:40 IST" time="69.105" errors="0">
  <testcase name="TestInnerText" time="9.395" classname="com.hubspot.tests.LoginPageTest"/>
  <testcase name="TestSignupLink" time="0.0" classname="com.hubspot.tests.LoginPageTest">
    <ignored/>
  </testcase> <!-- TestSignupLink -->
  <testcase name="loginTest" time="0.0" classname="com.hubspot.tests.LoginPageTest">
    <ignored/>
  </testcase> <!-- loginTest -->
  <testcase name="TestPageTitle" time="0.0" classname="com.hubspot.tests.LoginPageTest">
    <ignored/>
  </testcase> <!-- TestPageTitle -->
</testsuite> <!-- Default test -->
