<?xml version="1.0" encoding="UTF-8"?>
<!-- Generated by org.testng.reporters.JUnitXMLReporter -->
<testsuite hostname="PC1" ignored="0" name="Hubspot Test" tests="7" failures="0" timestamp="2020-06-12T19:11:11 IST" time="313.745" errors="0">
  <testcase name="TestSignupLink" time="10.651" classname="com.hubspot.tests.LoginPageTest"/>
  <testcase name="TestPageTitle" time="7.613" classname="com.hubspot.tests.LoginPageTest"/>
  <testcase name="TestInnerText" time="7.15" classname="com.hubspot.tests.LoginPageTest"/>
  <testcase name="loginTest" time="9.525" classname="com.hubspot.tests.LoginPageTest"/>
  <testcase name="goToContactTest" time="14.346" classname="com.hubspot.tests.HomePageTest"/>
  <testcase name="testcreateContacts" time="19.587" classname="com.hubspot.tests.ContactPageTest"/>
  <testcase name="testcreateContacts" time="23.163" classname="com.hubspot.tests.ContactPageTest"/>
</testsuite> <!-- Hubspot Test -->
