<?xml version="1.0" encoding="UTF-8"?>
<!-- Generated by org.testng.reporters.JUnitXMLReporter -->
<testsuite hostname="PC1" ignored="0" name="Hubspot parallel exeution 1" tests="4" failures="0" timestamp="2020-06-12T17:10:17 IST" time="209.765" errors="0">
  <testcase name="TestSignupLink" time="10.706" classname="com.hubspot.tests.LoginPageTest"/>
  <testcase name="TestPageTitle" time="0.048" classname="com.hubspot.tests.LoginPageTest"/>
  <testcase name="TestInnerText" time="13.595" classname="com.hubspot.tests.LoginPageTest"/>
  <testcase name="loginTest" time="11.252" classname="com.hubspot.tests.LoginPageTest"/>
</testsuite> <!-- Hubspot parallel exeution 1 -->
