<?xml version="1.0" encoding="UTF-8"?>
<!-- Generated by org.testng.reporters.JUnitXMLReporter -->
<testsuite hostname="PC1" ignored="0" name="Hubspot Test" tests="3" failures="0" timestamp="2020-06-11T09:37:24 IST" time="273.484" errors="0">
  <testcase name="goToContactTest" time="16.148" classname="com.hubspot.tests.HomePageTest"/>
  <testcase name="testcreateContacts" time="15.112" classname="com.hubspot.tests.ContactPageTest"/>
  <testcase name="testcreateContacts" time="11.067" classname="com.hubspot.tests.ContactPageTest"/>
</testsuite> <!-- Hubspot Test -->
